Reading package lists...
Building dependency tree...
Reading state information...
python3 is already the newest version (3.6.3-0ubuntu2).
The following additional packages will be installed:
  binutils binutils-common binutils-x86-64-linux-gnu build-essential cpp cpp-7
  dpkg-dev fakeroot g++ g++-7 gcc gcc-7 libalgorithm-diff-perl
  libalgorithm-diff-xs-perl libalgorithm-merge-perl libasan4 libatomic1
  libbinutils libc-dev-bin libc6-dev libcc1-0 libcilkrts5 libdpkg-perl
  libexpat1-dev libfakeroot libfile-fcntllock-perl libgcc-7-dev libgomp1
  libisl15 libitm1 liblsan0 libmpc3 libmpx2 libpython3-dev libpython3.6-dev
  libquadmath0 libstdc++-7-dev libtsan0 libubsan0 linux-libc-dev make
  manpages-dev python-pip-whl python3-crypto python3-dev python3-keyring
  python3-keyrings.alt python3-secretstorage python3-setuptools python3-wheel
  python3-xdg python3.6-dev python3.6-venv
Suggested packages:
  binutils-doc cpp-doc gcc-7-locales debian-keyring g++-multilib
  g++-7-multilib gcc-7-doc libstdc++6-7-dbg gcc-multilib autoconf automake
  libtool flex bison gdb gcc-doc gcc-7-multilib libgcc1-dbg libgomp1-dbg
  libitm1-dbg libatomic1-dbg libasan4-dbg liblsan0-dbg libtsan0-dbg
  libubsan0-dbg libcilkrts5-dbg libmpx2-dbg libquadmath0-dbg glibc-doc
  libstdc++-7-doc make-doc python3-crypto-dbg python-crypto-doc gnome-keyring
  libkf5wallet-bin gir1.2-gnomekeyring-1.0 python-secretstorage-doc
  python-setuptools-doc
The following NEW packages will be installed:
  binutils binutils-common binutils-x86-64-linux-gnu build-essential cpp cpp-7
  dpkg-dev fakeroot g++ g++-7 gcc gcc-7 libalgorithm-diff-perl
  libalgorithm-diff-xs-perl libalgorithm-merge-perl libasan4 libatomic1
  libbinutils libc-dev-bin libc6-dev libcc1-0 libcilkrts5 libdpkg-perl
  libexpat1-dev libfakeroot libfile-fcntllock-perl libgcc-7-dev libgomp1
  libisl15 libitm1 liblsan0 libmpc3 libmpx2 libpython3-dev libpython3.6-dev
  libquadmath0 libstdc++-7-dev libtsan0 libubsan0 linux-libc-dev make
  manpages-dev python-pip-whl python3-crypto python3-dev python3-keyring
  python3-keyrings.alt python3-pip python3-secretstorage python3-setuptools
  python3-venv python3-wheel python3-xdg python3.6-dev python3.6-venv
0 upgraded, 55 newly installed, 0 to remove and 13 not upgraded.
Need to get 27.7 MB/42.0 MB of archives.
After this operation, 181 MB of additional disk space will be used.
Do you want to continue? [Y/n] Abort.
